*** Using Compiler 'V5.06 update 6 (build 750)', folder: 'D:\software\keil_v5\ARM\ARMCC\Bin'
Build target 'BIG_windmill'
compiling stm32f4xx_hal_msp.c...
compiling gpio.c...
compiling stm32f4xx_hal_timebase_tim.c...
compiling stm32f4xx_hal_flash_ex.c...
compiling dma.c...
compiling stm32f4xx_it.c...
compiling stm32f4xx_hal_flash.c...
compiling can.c...
compiling tim.c...
compiling usart.c...
compiling stm32f4xx_hal_rcc.c...
compiling stm32f4xx_hal_rcc_ex.c...
compiling main.c...
compiling stm32f4xx_hal_can.c...
compiling freertos.c...
compiling stm32f4xx_hal_flash_ramfunc.c...
compiling stm32f4xx_hal_pwr.c...
compiling croutine.c...
compiling stm32f4xx_hal.c...
compiling stm32f4xx_hal_pwr_ex.c...
compiling list.c...
compiling event_groups.c...
compiling stm32f4xx_hal_dma.c...
compiling stm32f4xx_hal_exti.c...
compiling timers.c...
compiling queue.c...
compiling stream_buffer.c...
compiling tasks.c...
compiling heap_4.c...
compiling system_stm32f4xx.c...
compiling stm32f4xx_hal_cortex.c...
compiling stm32f4xx_hal_gpio.c...
compiling stm32f4xx_hal_dma_ex.c...
compiling cmsis_os.c...
compiling port.c...
compiling stm32f4xx_hal_tim_ex.c...
compiling stm32f4xx_hal_uart.c...
compiling ws2812.c...
compiling windmill.c...
compiling stm32f4xx_hal_tim.c...
compiling M6020_motor.c...
linking...
Program Size: Code=14100 RO-data=576 RW-data=180 ZI-data=17572  
FromELF: creating hex file...
"BIG_windmill\BIG_windmill.axf" - 0 Error(s), 0 Warning(s).
Build Time Elapsed:  00:00:27
